#
# A fatal error has been detected by the Java Runtime Environment:
#
#  Internal Error (os_windows_x86.cpp:114), pid=5148, tid=3616
#  Error: guarantee(result == -1,"Unexpected result from topLevelExceptionFilter")
#
# JRE version: 6.0_17-b04
# Java VM: Java HotSpot(TM) 64-Bit Server VM (14.3-b01 mixed mode windows-amd64 )
# If you would like to submit a bug report, please visit:
#   http://java.sun.com/webapps/bugreport/crash.jsp
# The crash happened outside the Java Virtual Machine in native code.
# See problematic frame for where to report the bug.
#

---------------  T H R E A D  ---------------

Current thread (0x0000000005b84800):  JavaThread "main" [_thread_in_native, id=3616, stack(0x0000000000080000,0x0000000004080000)]

Stack: [0x0000000000080000,0x0000000004080000]
[error occurred during error reporting (printing stack bounds), id 0xc0000005]

Java frames: (J=compiled Java code, j=interpreted, Vv=VM code)
j  com.mathworks.jmi.NativeMatlab.ProcessPendingEvents()Z+0
j  com.mathworks.jmi.NativeMatlab.processPendingEvents()Z+8
j  com.mathworks.jmi.Matlab$ProcessPendingEvents.callBooleanMethod(Ljava/lang/Object;)Z+0
j  com.mathworks.util.FactoryUtils.processPendingEvents()Z+12
j  com.mathworks.mde.desk.MLDesktop.canClose()Z+84
j  com.mathworks.mde.desk.MLDesktop$2.call()Ljava/lang/Boolean;+4
j  com.mathworks.mde.desk.MLDesktop$2.call()Ljava/lang/Object;+1
j  com.mathworks.jmi.Matlab.isOkToExit()Z+54
v  ~StubRoutines::call_stub
j  com.mathworks.jmi.NativeMatlab.SendMatlabMessage(Ljava/lang/Object;)Ljava/lang/Object;+0
j  com.mathworks.jmi.NativeMatlab.sendMatlabMessage(Ljava/lang/Object;)Ljava/lang/Object;+22
j  com.mathworks.jmi.MatlabLooper.sendMatlabMessage(Lcom/mathworks/services/message/MWMessage;)Ljava/lang/Object;+20
j  com.mathworks.jmi.Matlab.mtFevalConsoleOutput(Ljava/lang/String;[Ljava/lang/Object;I)Ljava/lang/Object;+58
j  com.mathworks.mde.desk.MLDesktop$8.run()V+14
j  com.mathworks.jmi.NativeMatlab.dispatchMTRequests(Z)V+57
v  ~StubRoutines::call_stub

---------------  P R O C E S S  ---------------

Java Threads: ( => current thread )
  0x000000006de5c000 JavaThread "Prefs Updater" daemon [_thread_blocked, id=4692, stack(0x00000000303e0000,0x0000000030460000)]
  0x000000006de59800 JavaThread "Code Analyzer updating thread" [_thread_blocked, id=5916, stack(0x0000000030360000,0x00000000303e0000)]
  0x000000006de5f800 JavaThread "Swing-Shell" daemon [_thread_blocked, id=5440, stack(0x000000002ee90000,0x000000002ef10000)]
  0x000000005963f000 JavaThread "Code Analyzer updating thread" [_thread_blocked, id=3672, stack(0x000000006d510000,0x000000006d590000)]
  0x000000005963e000 JavaThread "Code Analyzer updating thread" [_thread_blocked, id=2868, stack(0x000000006d400000,0x000000006d480000)]
  0x000000005963d800 JavaThread "Code Analyzer updating thread" [_thread_blocked, id=5312, stack(0x0000000065250000,0x00000000652d0000)]
  0x000000005963c000 JavaThread "Code Analyzer updating thread" [_thread_blocked, id=4144, stack(0x0000000069320000,0x00000000693a0000)]
  0x000000005963b000 JavaThread "Code Analyzer updating thread" [_thread_blocked, id=3004, stack(0x0000000065190000,0x0000000065210000)]
  0x000000005963a800 JavaThread "Code Analyzer updating thread" [_thread_blocked, id=5144, stack(0x000000005d210000,0x000000005d290000)]
  0x000000005963a000 JavaThread "Code Analyzer updating thread" [_thread_blocked, id=4320, stack(0x0000000064db0000,0x0000000064e30000)]
  0x0000000059639000 JavaThread "Code Analyzer updating thread" [_thread_blocked, id=3856, stack(0x0000000064e30000,0x0000000064eb0000)]
  0x0000000059638800 JavaThread "Active Reference Queue Daemon" daemon [_thread_blocked, id=4180, stack(0x0000000064c70000,0x0000000064cf0000)]
  0x0000000059637000 JavaThread "Timer-4" daemon [_thread_blocked, id=4072, stack(0x0000000064b70000,0x0000000064bf0000)]
  0x0000000059637800 JavaThread "Timer-3" daemon [_thread_blocked, id=2832, stack(0x0000000064ae0000,0x0000000064b60000)]
  0x0000000059636000 JavaThread "Explorer NavigationContext request queue" [_thread_blocked, id=4248, stack(0x0000000021420000,0x00000000214a0000)]
  0x0000000059634800 JavaThread "AddressBar directory emptiness poller" [_thread_blocked, id=4556, stack(0x0000000064a60000,0x0000000064ae0000)]
  0x0000000059634000 JavaThread "Explorer Refresh Service 988558046" [_thread_blocked, id=2624, stack(0x0000000063a30000,0x0000000063ab0000)]
  0x0000000059632800 JavaThread "Timer-1" daemon [_thread_blocked, id=5824, stack(0x000000005d2a0000,0x000000005d320000)]
  0x0000000059631000 JavaThread "TimerQueue" daemon [_thread_blocked, id=5292, stack(0x000000005a790000,0x000000005a810000)]
  0x0000000059630800 JavaThread "Thread-5" daemon [_thread_blocked, id=6088, stack(0x00000000214b0000,0x0000000021530000)]
  0x000000005962f800 JavaThread "FelixPackageAdmin" daemon [_thread_blocked, id=3424, stack(0x000000001d380000,0x000000001d400000)]
  0x00000000599d7000 JavaThread "FelixStartLevel" daemon [_thread_blocked, id=2736, stack(0x000000002d760000,0x000000002d7e0000)]
  0x00000000599d0000 JavaThread "FelixDispatchQueue" daemon [_thread_blocked, id=4504, stack(0x0000000029660000,0x00000000296e0000)]
  0x00000000596b6800 JavaThread "AWT-EventQueue-0" [_thread_in_vm, id=5672, stack(0x0000000010f20000,0x0000000010fa0000)]
  0x000000005966a000 JavaThread "com.google.common.base.internal.Finalizer" daemon [_thread_blocked, id=5812, stack(0x000000001d2c0000,0x000000001d340000)]
  0x000000005955f800 JavaThread "AWT-Windows" daemon [_thread_in_native, id=5588, stack(0x00000000150d0000,0x0000000015150000)]
  0x0000000059493000 JavaThread "AWT-Shutdown" [_thread_blocked, id=5280, stack(0x000000000ff30000,0x000000000ffb0000)]
  0x0000000059492000 JavaThread "Java2D Disposer" daemon [_thread_blocked, id=2956, stack(0x0000000010fb0000,0x0000000011030000)]
  0x00000000591af000 JavaThread "Timer-0" [_thread_blocked, id=1764, stack(0x0000000010e60000,0x0000000010ee0000)]
  0x000000005912d000 JavaThread "EventMgr Dispatcher" daemon [_thread_in_native, id=5200, stack(0x00000000094c0000,0x000000000d4c0000)]
  0x000000000f06a800 JavaThread "Low Memory Detector" daemon [_thread_blocked, id=3760, stack(0x000000000dcc0000,0x000000000dd40000)]
  0x000000000f066000 JavaThread "CompilerThread1" daemon [_thread_blocked, id=1556, stack(0x000000008c2b0000,0x00000000902b0000)]
  0x000000000f05d800 JavaThread "CompilerThread0" daemon [_thread_blocked, id=4620, stack(0x0000000088240000,0x000000008c240000)]
  0x000000000f05d000 JavaThread "Attach Listener" daemon [_thread_blocked, id=3336, stack(0x000000000f1a0000,0x000000000f220000)]
  0x000000000f044000 JavaThread "Finalizer" daemon [_thread_blocked, id=5640, stack(0x000000000f0c0000,0x000000000f140000)]
  0x000000000f03a000 JavaThread "Reference Handler" daemon [_thread_blocked, id=4304, stack(0x00000000090c0000,0x0000000009140000)]
=>0x0000000005b84800 JavaThread "main" [_thread_in_native, id=3616, stack(0x0000000000080000,0x0000000004080000)]

Other Threads:
  0x000000000f032000 VMThread [stack: 0x00000000840c0000,0x00000000880c0000] [id=4272]
  0x000000000f320800 WatcherThread [stack: 0x00000000903c0000,0x00000000943c0000] [id=5648]

VM state:not at safepoint (normal execution)

VM Mutex/Monitor currently owned by a thread: None

Heap
 PSYoungGen      total 29760K, used 18896K [0x0000000045ae0000, 0x00000000485e0000, 0x0000000048be0000)
  eden space 16128K, 92% used [0x0000000045ae0000,0x0000000046979558,0x0000000046aa0000)
  from space 13632K, 28% used [0x0000000047890000,0x0000000047c6aaf8,0x00000000485e0000)
  to   space 13952K, 0% used [0x0000000046aa0000,0x0000000046aa0000,0x0000000047840000)
 PSOldGen        total 92928K, used 66119K [0x000000003c7e0000, 0x00000000422a0000, 0x0000000045ae0000)
  object space 92928K, 71% used [0x000000003c7e0000,0x0000000040871d38,0x00000000422a0000)
 PSPermGen       total 111616K, used 62288K [0x00000000347e0000, 0x000000003b4e0000, 0x000000003c7e0000)
  object space 111616K, 55% used [0x00000000347e0000,0x00000000384b4210,0x000000003b4e0000)

Dynamic libraries:
0x000000013f570000 - 0x000000013f59d000 	C:\Program Files (x86)\MATLAB\R2012b\bin\win64\MATLAB.exe
0x00000000772f0000 - 0x0000000077499000 	C:\Windows\SYSTEM32\ntdll.dll
0x00000000770d0000 - 0x00000000771ef000 	C:\Windows\system32\kernel32.dll
0x000007fefd320000 - 0x000007fefd38c000 	C:\Windows\system32\KERNELBASE.dll
0x0000000074460000 - 0x000000007451f000 	C:\Program Files (x86)\MATLAB\R2012b\bin\win64\libut.dll
0x00000000758a0000 - 0x000000007595c000 	C:\Program Files (x86)\MATLAB\R2012b\bin\win64\libmwi18n.dll
0x0000000180000000 - 0x000000018000b000 	C:\Program Files (x86)\MATLAB\R2012b\bin\win64\libmwresource_core.dll
0x00000000708f0000 - 0x00000000709c3000 	C:\Windows\WinSxS\amd64_microsoft.vc90.crt_1fc8b3b9a1e18e3b_9.0.30729.6161_none_08e61857a83bc251\MSVCP90.dll
0x0000000070840000 - 0x00000000708e3000 	C:\Windows\WinSxS\amd64_microsoft.vc90.crt_1fc8b3b9a1e18e3b_9.0.30729.6161_none_08e61857a83bc251\MSVCR90.dll
0x000000007a170000 - 0x000000007a19c000 	C:\Program Files (x86)\MATLAB\R2012b\bin\win64\boost_filesystem-vc90-mt-1_44.dll
0x000000007a560000 - 0x000000007a569000 	C:\Program Files (x86)\MATLAB\R2012b\bin\win64\boost_system-vc90-mt-1_44.dll
0x000007feff060000 - 0x000007feff13b000 	C:\Windows\system32\ADVAPI32.dll
0x000007feff4c0000 - 0x000007feff55f000 	C:\Windows\system32\msvcrt.dll
0x000007fefe800000 - 0x000007fefe81f000 	C:\Windows\SYSTEM32\sechost.dll
0x000007fefe620000 - 0x000007fefe74d000 	C:\Windows\system32\RPCRT4.dll
0x000000007a010000 - 0x000000007a035000 	C:\Program Files (x86)\MATLAB\R2012b\bin\win64\LIBEXPAT.dll
0x00000000646a0000 - 0x0000000064891000 	C:\Program Files (x86)\MATLAB\R2012b\bin\win64\icuin44.dll
0x0000000064f70000 - 0x00000000650e1000 	C:\Program Files (x86)\MATLAB\R2012b\bin\win64\icuuc44.dll
0x0000000010000000 - 0x0000000010e41000 	C:\Program Files (x86)\MATLAB\R2012b\bin\win64\icudt44.dll
0x0000000073f70000 - 0x000000007411d000 	C:\Program Files (x86)\MATLAB\R2012b\bin\win64\libmwfl.dll
0x0000000004300000 - 0x00000000046b6000 	C:\Program Files (x86)\MATLAB\R2012b\bin\win64\libmwMATLAB_res.dll
0x000000007a3b0000 - 0x000000007a3c0000 	C:\Program Files (x86)\MATLAB\R2012b\bin\win64\boost_date_time-vc90-mt-1_44.dll
0x000000007a250000 - 0x000000007a263000 	C:\Program Files (x86)\MATLAB\R2012b\bin\win64\boost_signals-vc90-mt-1_44.dll
0x000000007a2d0000 - 0x000000007a2e2000 	C:\Program Files (x86)\MATLAB\R2012b\bin\win64\boost_thread-vc90-mt-1_44.dll
0x00000000046c0000 - 0x000000000477d000 	C:\Program Files (x86)\MATLAB\R2012b\bin\win64\boost_log-vc90-mt-1_44.dll
0x00000000774c0000 - 0x00000000774c7000 	C:\Windows\system32\PSAPI.DLL
0x000007feff1c0000 - 0x000007feff20d000 	C:\Windows\system32\WS2_32.dll
0x000007fefec70000 - 0x000007fefec78000 	C:\Windows\system32\NSI.dll
0x00000000041a0000 - 0x00000000041e6000 	C:\Program Files (x86)\MATLAB\R2012b\bin\win64\tbb.dll
0x000007fefe750000 - 0x000007fefe769000 	C:\Windows\system32\imagehlp.dll
0x0000000064f50000 - 0x0000000064f63000 	C:\Program Files (x86)\MATLAB\R2012b\bin\win64\icuio44.dll
0x000007fef5ce0000 - 0x000007fef5e05000 	C:\Windows\system32\dbghelp.dll
0x00000000771f0000 - 0x00000000772ea000 	C:\Windows\system32\USER32.dll
0x000007fefec00000 - 0x000007fefec67000 	C:\Windows\system32\GDI32.dll
0x000007fefe7f0000 - 0x000007fefe7fe000 	C:\Windows\system32\LPK.dll
0x000007fefe550000 - 0x000007fefe619000 	C:\Windows\system32\USP10.dll
0x0000000004790000 - 0x0000000004a6c000 	C:\Program Files (x86)\MATLAB\R2012b\bin\win64\libmwservices.dll
0x0000000075a20000 - 0x0000000075af3000 	C:\Program Files (x86)\MATLAB\R2012b\bin\win64\libmx.dll
0x0000000004a90000 - 0x0000000004ab9000 	C:\Program Files (x86)\MATLAB\R2012b\bin\win64\tbbmalloc.dll
0x000000007a210000 - 0x000000007a228000 	C:\Program Files (x86)\MATLAB\R2012b\bin\win64\zlib1.dll
0x0000000004ae0000 - 0x0000000004b2d000 	C:\Program Files (x86)\MATLAB\R2012b\bin\win64\libmwregexp.dll
0x0000000004b40000 - 0x0000000004b63000 	C:\Program Files (x86)\MATLAB\R2012b\bin\win64\libmwmfl_scalar.dll
0x0000000075f10000 - 0x0000000075f60000 	C:\Program Files (x86)\MATLAB\R2012b\bin\win64\mpath.dll
0x000000007b680000 - 0x000000007bc9a000 	C:\Program Files (x86)\MATLAB\R2012b\bin\win64\mlutil.dll
0x00000000754d0000 - 0x0000000075551000 	C:\Program Files (x86)\MATLAB\R2012b\bin\win64\xmlcore.dll
0x0000000004bb0000 - 0x0000000004e03000 	C:\Program Files (x86)\MATLAB\R2012b\bin\win64\xerces-c_2_7.dll
0x0000000004e20000 - 0x0000000004e40000 	C:\Program Files (x86)\MATLAB\R2012b\bin\win64\libmwMATLAB_settings_res.dll
0x0000000004e50000 - 0x0000000004e60000 	C:\Program Files (x86)\MATLAB\R2012b\bin\win64\boost_iostreams-vc90-mt-1_44.dll
0x0000000004e70000 - 0x0000000004eb7000 	C:\Program Files (x86)\MATLAB\R2012b\bin\win64\boost_serialization-vc90-mt-1_44.dll
0x000007fefd650000 - 0x000007fefe3d8000 	C:\Windows\system32\SHELL32.dll
0x000007feff140000 - 0x000007feff1b1000 	C:\Windows\system32\SHLWAPI.dll
0x000007fef8c30000 - 0x000007fef8cd0000 	C:\Windows\WinSxS\amd64_microsoft.windows.common-controls_6595b64144ccf1df_5.82.7601.18201_none_a4d3b9377117c3df\COMCTL32.dll
0x000007feff420000 - 0x000007feff4b7000 	C:\Windows\system32\COMDLG32.dll
0x000007fef9a20000 - 0x000007fef9a36000 	C:\Windows\system32\NETAPI32.dll
0x000007fef9a00000 - 0x000007fef9a0c000 	C:\Windows\system32\netutils.dll
0x000007fefcac0000 - 0x000007fefcae3000 	C:\Windows\system32\srvcli.dll
0x000007fef99d0000 - 0x000007fef99e5000 	C:\Windows\system32\wkscli.dll
0x000007feff210000 - 0x000007feff413000 	C:\Windows\system32\ole32.dll
0x000007fefe410000 - 0x000007fefe4e7000 	C:\Windows\system32\OLEAUT32.dll
0x0000000074970000 - 0x0000000074a31000 	C:\Program Files (x86)\MATLAB\R2012b\bin\win64\mcr.dll
0x0000000075000000 - 0x00000000753e9000 	C:\Program Files (x86)\MATLAB\R2012b\bin\win64\iqm.dll
0x0000000074e80000 - 0x0000000074f38000 	C:\Program Files (x86)\MATLAB\R2012b\bin\win64\m_dispatcher.dll
0x0000000074880000 - 0x000000007496d000 	C:\Program Files (x86)\MATLAB\R2012b\bin\win64\boost_regex-vc90-mt-1_44.dll
0x000007fef3300000 - 0x000007fef3b71000 	C:\Program Files (x86)\MATLAB\R2012b\bin\win64\m_interpreter.dll
0x0000000064f20000 - 0x0000000064f47000 	C:\Program Files (x86)\MATLAB\R2012b\bin\win64\libmex.dll
0x00000000649d0000 - 0x0000000064a54000 	C:\Program Files (x86)\MATLAB\R2012b\bin\win64\profiler.dll
0x0000000004f40000 - 0x00000000051aa000 	C:\Program Files (x86)\MATLAB\R2012b\bin\win64\libmwmathutil.dll
0x0000000079f40000 - 0x0000000079f6e000 	C:\Program Files (x86)\MATLAB\R2012b\bin\win64\libmwmathrng.dll
0x00000000051d0000 - 0x00000000051e2000 	C:\Program Files (x86)\MATLAB\R2012b\bin\win64\libmwmfl_rng.dll
0x0000000074c10000 - 0x0000000074cee000 	C:\Program Files (x86)\MATLAB\R2012b\bin\win64\libmwmathcore.dll
0x0000000076160000 - 0x00000000761ca000 	C:\Program Files (x86)\MATLAB\R2012b\bin\win64\libmwspmatrix.dll
0x0000000075ea0000 - 0x0000000075f02000 	C:\Program Files (x86)\MATLAB\R2012b\bin\win64\libmwcholmod.dll
0x000000007a460000 - 0x000000007a46d000 	C:\Program Files (x86)\MATLAB\R2012b\bin\win64\libmwamd.dll
0x000000007a4b0000 - 0x000000007a4bc000 	C:\Program Files (x86)\MATLAB\R2012b\bin\win64\libmwcolamd.dll
0x000000007a290000 - 0x000000007a2a9000 	C:\Program Files (x86)\MATLAB\R2012b\bin\win64\libmwblas.dll
0x000000007a310000 - 0x000000007a321000 	C:\Program Files (x86)\MATLAB\R2012b\bin\win64\libmwbinder.dll
0x000000007a4d0000 - 0x000000007a4dc000 	C:\Program Files (x86)\MATLAB\R2012b\bin\win64\libmwompwrapper.dll
0x0000000005280000 - 0x0000000005305000 	C:\Program Files (x86)\MATLAB\R2012b\bin\win64\libmwlapack.dll
0x0000000064d80000 - 0x0000000064da1000 	C:\Program Files (x86)\MATLAB\R2012b\bin\win64\m_pcodeio.dll
0x0000000079b10000 - 0x0000000079b77000 	C:\Program Files (x86)\MATLAB\R2012b\bin\win64\m_ir.dll
0x0000000063d00000 - 0x0000000064370000 	C:\Program Files (x86)\MATLAB\R2012b\bin\win64\m_parser.dll
0x0000000064d60000 - 0x0000000064d7a000 	C:\Program Files (x86)\MATLAB\R2012b\bin\win64\ir_xfmr.dll
0x000007fefa7f0000 - 0x000007fefaa86000 	C:\Program Files (x86)\MATLAB\R2012b\bin\win64\mcos.dll
0x0000000064d40000 - 0x0000000064d51000 	C:\Program Files (x86)\MATLAB\R2012b\bin\win64\mtok.dll
0x0000000064990000 - 0x00000000649c1000 	C:\Program Files (x86)\MATLAB\R2012b\bin\win64\m_pcodegen.dll
0x0000000079fb0000 - 0x0000000079fe6000 	C:\Program Files (x86)\MATLAB\R2012b\bin\win64\libmwbridge.dll
0x00000000648c0000 - 0x0000000064988000 	C:\Program Files (x86)\MATLAB\R2012b\bin\win64\udd.dll
0x0000000064540000 - 0x0000000064692000 	C:\Program Files (x86)\MATLAB\R2012b\bin\win64\libmwgui.dll
0x0000000064520000 - 0x0000000064537000 	C:\Program Files (x86)\MATLAB\R2012b\bin\win64\graphics_util.dll
0x000000005daa0000 - 0x000000005e4ff000 	C:\Program Files (x86)\MATLAB\R2012b\bin\win64\hg.dll
0x00000000053e0000 - 0x0000000005448000 	C:\Program Files (x86)\MATLAB\R2012b\bin\win64\libmat.dll
0x0000000072d30000 - 0x0000000072f44000 	C:\Program Files (x86)\MATLAB\R2012b\bin\win64\hdf5dll.dll
0x0000000075710000 - 0x00000000757de000 	C:\Program Files (x86)\MATLAB\R2012b\bin\win64\jmi.dll
0x0000000005480000 - 0x000000000548d000 	C:\Program Files (x86)\MATLAB\R2012b\bin\win64\nativejava_services.dll
0x00000000644d0000 - 0x0000000064516000 	C:\Program Files (x86)\MATLAB\R2012b\bin\win64\libmwhardcopy.dll
0x0000000064460000 - 0x00000000644c3000 	C:\Program Files (x86)\MATLAB\R2012b\bin\win64\libuij.dll
0x000000005d830000 - 0x000000005da94000 	C:\Program Files (x86)\MATLAB\R2012b\bin\win64\hgdatatypes.dll
0x0000000063be0000 - 0x0000000063cff000 	C:\Program Files (x86)\MATLAB\R2012b\bin\win64\hgutils.dll
0x0000000063b20000 - 0x0000000063be0000 	C:\Program Files (x86)\MATLAB\R2012b\bin\win64\udd_mi.dll
0x00000000054f0000 - 0x000000000552b000 	C:\Program Files (x86)\MATLAB\R2012b\bin\win64\libmwgbtutils.dll
0x0000000005540000 - 0x000000000555b000 	C:\Program Files (x86)\MATLAB\R2012b\bin\win64\libmwgbt.dll
0x0000000005570000 - 0x0000000005841000 	C:\Program Files (x86)\MATLAB\R2012b\bin\win64\uiw.dll
0x0000000070260000 - 0x000000007026f000 	C:\Program Files (x86)\MATLAB\R2012b\bin\win64\uinone.dll
0x0000000005870000 - 0x0000000005899000 	C:\Program Files (x86)\MATLAB\R2012b\bin\win64\libmwnativefiledialogs.dll
0x00000000058b0000 - 0x00000000058b8000 	C:\Program Files (x86)\MATLAB\R2012b\bin\win64\libmwplatform_res.dll
0x000007fef92d0000 - 0x000007fef92e8000 	C:\Windows\system32\MPR.dll
0x000000005a170000 - 0x000000005a654000 	C:\Windows\WinSxS\amd64_microsoft.vc90.mfc_1fc8b3b9a1e18e3b_9.0.30729.6161_none_044aad0bab1eb146\mfc90.dll
0x000007fef8d50000 - 0x000007fef8d57000 	C:\Windows\system32\MSIMG32.dll
0x000007fef8bb0000 - 0x000007fef8c21000 	C:\Windows\system32\WINSPOOL.DRV
0x0000000064430000 - 0x0000000064452000 	C:\Program Files (x86)\MATLAB\R2012b\bin\win64\mwoles05.DLL
0x000000005d7b0000 - 0x000000005d82d000 	C:\Program Files (x86)\MATLAB\R2012b\bin\win64\comcli.dll
0x0000000064400000 - 0x000000006442f000 	C:\Windows\WinSxS\amd64_microsoft.vc90.atl_1fc8b3b9a1e18e3b_9.0.30729.6161_none_0a1fd3a3a768b895\ATL90.DLL
0x000000006dcb0000 - 0x000000006dcbc000 	C:\Program Files (x86)\MATLAB\R2012b\bin\win64\mlautoregister.dll
0x000007fefe3e0000 - 0x000007fefe40e000 	C:\Windows\system32\IMM32.DLL
0x000007fefe820000 - 0x000007fefe929000 	C:\Windows\system32\MSCTF.dll
0x000007fefb7f0000 - 0x000007fefb846000 	C:\Windows\system32\UxTheme.dll
0x000007fefb3c0000 - 0x000007fefb3d8000 	C:\Windows\system32\dwmapi.dll
0x000000006dbd0000 - 0x000000006dbdd000 	C:\Windows\WinSxS\amd64_microsoft.vc90.mfcloc_1fc8b3b9a1e18e3b_9.0.30729.6161_none_01c9581e60cbee58\MFC90ENU.DLL
0x000007fefd0b0000 - 0x000007fefd0bf000 	C:\Windows\system32\profapi.dll
0x0000000005af0000 - 0x0000000005aff000 	C:\Program Files (x86)\MATLAB\R2012b\bin\win64\xmlxrcsc.dll
0x000007fefcf10000 - 0x000007fefcf1f000 	C:\Windows\system32\CRYPTBASE.dll
0x000007fefb9d0000 - 0x000007fefbbc4000 	C:\Windows\WinSxS\amd64_microsoft.windows.common-controls_6595b64144ccf1df_6.0.7601.17514_none_fa396087175ac9ac\comctl32.dll
0x000007fefd470000 - 0x000007fefd647000 	C:\Windows\system32\SETUPAPI.dll
0x000007fefd2b0000 - 0x000007fefd2e6000 	C:\Windows\system32\CFGMGR32.dll
0x000007fefd300000 - 0x000007fefd31a000 	C:\Windows\system32\DEVOBJ.dll
0x000007feff560000 - 0x000007feff5f9000 	C:\Windows\system32\CLBCatQ.DLL
0x000007fefb850000 - 0x000007fefb97c000 	C:\Windows\system32\propsys.dll
0x000007fefbec0000 - 0x000007fefbeed000 	C:\Windows\system32\ntmarta.dll

VM Arguments:
jvm_args: -Xss512k -XX:PermSize=32m -Xms64m -XX:NewRatio=3 -XX:MaxPermSize=128m -Xmx196m -XX:MaxDirectMemorySize=2147400000 -Dsun.java2d.noddraw=true -Dsun.awt.nopixfmt=true -Xshare:off -Xrs -Dsun.awt.disableMixing=true -Djava.library.path=C:\Program Files (x86)\MATLAB\R2012b\bin\win64;C:\Program Files (x86)\MATLAB\R2012b\sys\jxbrowser\win64\lib vfprintf abort 
java_command: <unknown>
Launcher Type: generic

Environment Variables:
PATH=C:\Program Files (x86)\NVIDIA Corporation\PhysX\Common;C:\Windows\system32;C:\Windows;C:\Windows\System32\Wbem;C:\Windows\System32\WindowsPowerShell\v1.0\;C:\Program Files (x86)\MATLAB\runtime\win64;C:\Program Files (x86)\MATLAB\bin;C:\Program Files (x86)\MATLAB\R2012b\runtime\win64;C:\Program Files (x86)\MATLAB\R2012b\bin;C:\Program Files\SlikSvn\bin;C:\Program Files (x86)\QuickTime\QTSystem\
USERNAME=YanivA_99
OS=Windows_NT
PROCESSOR_IDENTIFIER=Intel64 Family 6 Model 30 Stepping 5, GenuineIntel



---------------  S Y S T E M  ---------------

OS: Windows 7 Build 7601 Service Pack 1

CPU:total 8 (8 cores per cpu, 2 threads per core) family 6 model 30 stepping 5, cmov, cx8, fxsr, mmx, sse, sse2, sse3, ssse3, sse4.1, sse4.2, ht

Memory: 4k page, physical 12573044k(8545892k free), swap 25144228k(20944836k free)

vm_info: Java HotSpot(TM) 64-Bit Server VM (14.3-b01) for windows-amd64 JRE (1.6.0_17-b04), built on Oct 11 2009 00:46:08 by "java_re" with MS VC++ 8.0

time: Tue Jan 27 11:47:29 2015
elapsed time: 271 seconds

