-5.000000 0.00000000298468771365
-4.990000 0.00000000310416029043
-4.980000 0.00000000322844070395
-4.970000 0.00000000335767083950
-4.960000 0.00000000349208879964
-4.950000 0.00000000363188888448
-4.940000 0.00000000377726795434
-4.930000 0.00000000392849739465
-4.920000 0.00000000408574985717
-4.910000 0.00000000424931507476
-4.900000 0.00000000441942947965
-4.890000 0.00000000459633261945
-4.880000 0.00000000478035472693
-4.870000 0.00000000497170589177
-4.860000 0.00000000517073867263
-4.850000 0.00000000537774076983
-4.840000 0.00000000559300367460
-4.830000 0.00000000581692922755
-4.820000 0.00000000604977307430
-4.810000 0.00000000629196422253
-4.800000 0.00000000654385275762
-4.790000 0.00000000680579337790
-4.780000 0.00000000707827505932
-4.770000 0.00000000736160888181
-4.760000 0.00000000765631687928
-4.750000 0.00000000796282504981
-4.740000 0.00000000828156500470
-4.730000 0.00000000861313174967
-4.720000 0.00000000895790381939
-4.710000 0.00000000931651644586
-4.700000 0.00000000968948800080
-4.690000 0.00000001007734368630
-4.680000 0.00000001048080752944
-4.670000 0.00000001090034014653
-4.660000 0.00000001133671451359
-4.650000 0.00000001179056140631
-4.640000 0.00000001226251991190
-4.630000 0.00000001275347105579
-4.620000 0.00000001326397533459
-4.610000 0.00000001379497333681
-4.600000 0.00000001434723261587
-4.590000 0.00000001492153083894
-4.580000 0.00000001551894007347
-4.570000 0.00000001614014235442
-4.560000 0.00000001678628222800
-4.550000 0.00000001745829368427
-4.540000 0.00000001815712302015
-4.530000 0.00000001888407477073
-4.520000 0.00000001963997886378
-4.510000 0.00000002042622802945
-4.500000 0.00000002124395878471
-4.490000 0.00000002209432262195
-4.480000 0.00000002297890695231
-4.470000 0.00000002389872166549
-4.460000 0.00000002485546149197
-4.450000 0.00000002585050939159
-4.440000 0.00000002688526654697
-4.430000 0.00000002796166458423
-4.420000 0.00000002908093237808
-4.410000 0.00000003024513214519
-4.400000 0.00000003145594672712
-4.390000 0.00000003271508113959
-4.380000 0.00000003402488586353
-4.370000 0.00000003538685624344
-4.360000 0.00000003680350166806
-4.350000 0.00000003827686988718
-4.340000 0.00000003980903563297
-4.330000 0.00000004140285906581
-4.320000 0.00000004306015978144
-4.310000 0.00000004478399130574
-4.300000 0.00000004657684542354
-4.290000 0.00000004844124675299
-4.280000 0.00000005038067565307
-4.270000 0.00000005239734628157
-4.260000 0.00000005449497429243
-4.250000 0.00000005667659179035
-4.240000 0.00000005894527083296
-4.230000 0.00000006130524646197
-4.220000 0.00000006375921295429
-4.210000 0.00000006631169166809
-4.200000 0.00000006896637219117
-4.190000 0.00000007172699272766
-4.180000 0.00000007459870664784
-4.170000 0.00000007758479245695
-4.160000 0.00000008069075192673
-4.150000 0.00000008392107469703
-4.140000 0.00000008728030956603
-4.130000 0.00000009077472736338
-4.120000 0.00000009440831750705
-4.110000 0.00000009818777477568
-4.100000 0.00000010211856234488
-4.090000 0.00000010620621537648
-4.080000 0.00000011045836446998
-4.070000 0.00000011487986411070
-4.060000 0.00000011947886077644
-4.050000 0.00000012426200228051
-4.040000 0.00000012923602403201
-4.030000 0.00000013441021125342
-4.020000 0.00000013979047107908
-4.010000 0.00000014538671647309
-4.000000 0.00000015120703676393
-3.990000 0.00000015725962787014
-3.980000 0.00000016355578842648
-3.970000 0.00000017010270647325
-3.960000 0.00000017691244450662
-3.950000 0.00000018399484594909
-3.940000 0.00000019135988392625
-3.930000 0.00000019902130707446
-3.920000 0.00000020698786209225
-3.910000 0.00000021527422711347
-3.900000 0.00000022389238001326
-3.890000 0.00000023285445649474
-3.880000 0.00000024217718645543
-3.870000 0.00000025187121323231
-3.860000 0.00000026195439777311
-3.850000 0.00000027244131524137
-3.840000 0.00000028334673285212
-3.830000 0.00000029469100822218
-3.820000 0.00000030648709259505
-3.810000 0.00000031875671989525
-3.800000 0.00000033151762577204
-3.790000 0.00000034478777957072
-3.780000 0.00000035859195326389
-3.770000 0.00000037294590644913
-3.760000 0.00000038787608584598
-3.750000 0.00000040340407291074
-3.740000 0.00000041955173347049
-3.730000 0.00000043634921106470
-3.720000 0.00000045381568260995
-3.710000 0.00000047198332954563
-3.700000 0.00000049087841306175
-3.690000 0.00000051052754038224
-3.680000 0.00000053096739138670
-3.670000 0.00000055222130132384
-3.660000 0.00000057432842987240
-3.650000 0.00000059732073271193
-3.640000 0.00000062123058659003
-3.630000 0.00000064610262506969
-3.620000 0.00000067196524342658
-3.610000 0.00000069886609274366
-3.600000 0.00000072684405798597
-3.590000 0.00000075593853649120
-3.580000 0.00000078620384018635
-3.570000 0.00000081767452159283
-3.560000 0.00000085040856447817
-3.550000 0.00000088445328564260
-3.540000 0.00000091985662536214
-3.530000 0.00000095668467258911
-3.520000 0.00000099497947223087
-3.510000 0.00000103481158128397
-3.500000 0.00000107623857674722
-3.490000 0.00000111931879428994
-3.480000 0.00000116413265362581
-3.470000 0.00000121073131670084
-3.460000 0.00000125920064012588
-3.450000 0.00000130961068592484
-3.440000 0.00000136203243930263
-3.430000 0.00000141656375822372
-3.420000 0.00000147326689861599
-3.410000 0.00000153224633428056
-3.400000 0.00000159358731952548
-3.390000 0.00000165737623202290
-3.380000 0.00000172373214930704
-3.370000 0.00000179273082691219
-3.360000 0.00000186449939279057
-3.350000 0.00000193914158783686
-3.340000 0.00000201676251990067
-3.330000 0.00000209750708734806
-3.320000 0.00000218146747258113
-3.310000 0.00000226879837004058
-3.300000 0.00000235962601584840
-3.290000 0.00000245407830949266
-3.280000 0.00000255233156917332
-3.270000 0.00000265449796617046
-3.260000 0.00000276076573894439
-3.250000 0.00000287128849672067
-3.240000 0.00000298622187277608
-3.230000 0.00000310578041823692
-3.220000 0.00000323010062765952
-3.210000 0.00000335941155722570
-3.200000 0.00000349390012486202
-3.190000 0.00000363375571144257
-3.180000 0.00000377923939146672
-3.170000 0.00000393051725703843
-3.160000 0.00000408786803299608
-3.150000 0.00000425151916864259
-3.140000 0.00000442170111029509
-3.130000 0.00000459873154397750
-3.120000 0.00000478281257728833
-3.110000 0.00000497428337389881
-3.100000 0.00000517342070333197
-3.090000 0.00000538050498199921
-3.080000 0.00000559592278312013
-3.070000 0.00000581992003940558
-3.060000 0.00000605290945894627
-3.050000 0.00000629522782610647
-3.040000 0.00000654721636293194
-3.030000 0.00000680934546737180
-3.020000 0.00000708191440030849
-3.010000 0.00000736542536166066
-3.000000 0.00000766028816428198
-2.990000 0.00000796691802097656
-2.980000 0.00000828588733101922
-2.970000 0.00000861756024717120
-2.960000 0.00000896254786663176
-2.950000 0.00000932134886627788
-2.940000 0.00000969446849386502
-2.930000 0.00001008260326801189
-2.920000 0.00001048619630454594
-2.910000 0.00001090599121128753
-2.900000 0.00001134259479845615
-2.890000 0.00001179662187198221
-2.880000 0.00001226891998392879
-2.870000 0.00001276002833558005
-2.860000 0.00001327085177904667
-2.850000 0.00001380212870557837
-2.840000 0.00001435460723592991
-2.830000 0.00001492931870577589
-2.820000 0.00001552691923707566
-2.810000 0.00001614850989052229
-2.800000 0.00001679498917049205
-2.790000 0.00001746726742061685
-2.780000 0.00001816659961191279
-2.770000 0.00001889378414015179
-2.760000 0.00001965016082057616
-2.750000 0.00002043682298969879
-2.740000 0.00002125487839051819
-2.730000 0.00002210585412259097
-2.720000 0.00002299072170622587
-2.710000 0.00002391111148286997
-2.700000 0.00002486835386867022
-2.690000 0.00002586379681016894
-2.680000 0.00002689929854395127
-2.670000 0.00002797604125527389
-2.660000 0.00002909600880963535
-2.650000 0.00003026082011128291
-2.640000 0.00003147211539615849
-2.630000 0.00003273215584179437
-2.620000 0.00003404237997908705
-2.610000 0.00003540520185591838
-2.600000 0.00003682259142053893
-2.590000 0.00003829654457846974
-2.580000 0.00003982981282210541
-2.570000 0.00004142414661409902
-2.560000 0.00004308248346567759
-2.550000 0.00004480722048965200
-2.540000 0.00004660078638469068
-2.530000 0.00004846652927817006
-2.520000 0.00005040657920393697
-2.510000 0.00005242451064461633
-2.500000 0.00005452324050415531
-2.490000 0.00005670572412145152
-2.480000 0.00005897603563348989
-2.470000 0.00006133676695171746
-2.460000 0.00006379226765135300
-2.450000 0.00006634608713924827
-2.440000 0.00006900182159146012
-2.430000 0.00007176442858286685
-2.420000 0.00007463706205628554
-2.410000 0.00007762501475099150
-2.400000 0.00008073260572898741
-2.390000 0.00008396421096293753
-2.380000 0.00008732586303072700
-2.370000 0.00009082139977770399
-2.360000 0.00009445726162336630
-2.350000 0.00009823870417727215
-2.340000 0.00010217105230017884
-2.330000 0.00010626164667716553
-2.320000 0.00011051515735387831
-2.310000 0.00011493942129358638
-2.300000 0.00011954083373484383
-2.290000 0.00012432587418386776
-2.280000 0.00012930347508354631
-2.270000 0.00013447931913455039
-2.260000 0.00013986294267116951
-2.250000 0.00014546212767867187
-2.240000 0.00015128475868262951
-2.230000 0.00015734170504129870
-2.220000 0.00016363988169499383
-2.210000 0.00017019089284148320
-2.200000 0.00017700420791559693
-2.190000 0.00018408942112736233
-2.180000 0.00019145975875209270
-2.170000 0.00019912363516920678
-2.160000 0.00020709517083649791
-2.150000 0.00021538588854576343
-2.140000 0.00022400746292031062
-2.130000 0.00023297598822758398
-2.120000 0.00024230170342522581
-2.110000 0.00025200179085813301
-2.100000 0.00026209027192601603
-2.090000 0.00027258135278331893
-2.080000 0.00028349461758645444
-2.070000 0.00029484252551374289
-2.060000 0.00030664598473830829
-2.050000 0.00031892205706716124
-2.040000 0.00033168802912435068
-2.030000 0.00034496773170452532
-2.020000 0.00035877632564043941
-2.010000 0.00037313925284389305
-2.000000 0.00038807727481262992
-1.990000 0.00040361142661087028
-1.980000 0.00041977070651464716
-1.970000 0.00043657356283924168
-1.960000 0.00045405095433328552
-1.950000 0.00047222814442803512
-1.940000 0.00049113072944151858
-1.930000 0.00051079399565038890
-1.920000 0.00053124039171180437
-1.910000 0.00055250758948487556
-1.900000 0.00057462633053587857
-1.890000 0.00059762776150119228
-1.880000 0.00062155482015128377
-1.870000 0.00064643482292131300
-1.860000 0.00067231361045508406
-1.850000 0.00069922859033542354
-1.840000 0.00072721766305086492
-1.830000 0.00075633307701940635
-1.820000 0.00078660807198561891
-1.810000 0.00081809842870135725
-1.800000 0.00085084966622833724
-1.790000 0.00088490790341590111
-1.780000 0.00092033671825505147
-1.770000 0.00095717655821313176
-1.760000 0.00099549529956800180
-1.750000 0.00103534833175741100
-1.740000 0.00107679177406498260
-1.730000 0.00111990299076493940
-1.720000 0.00116473119997359610
-1.710000 0.00121135899629474880
-1.700000 0.00125985377983940360
-1.690000 0.00131028383882458490
-1.680000 0.00136274331323231840
-1.670000 0.00141729209365977950
-1.660000 0.00147403068456575920
-1.650000 0.00153304110113494520
-1.640000 0.00159440643923538980
-1.630000 0.00165824125220967260
-1.620000 0.00172461841736189920
-1.610000 0.00179366023258783580
-1.600000 0.00186546649728563810
-1.590000 0.00194013832587274840
-1.580000 0.00201781511149569160
-1.570000 0.00209858553420950310
-1.560000 0.00218259841104652320
-1.550000 0.00226997518195617320
-1.540000 0.00236083888705660010
-1.530000 0.00245535914557358340
-1.520000 0.00255364386698947580
-1.510000 0.00265587413789613970
-1.500000 0.00276219773134207680
-1.490000 0.00287276436752589760
-1.480000 0.00298778044599089680
-1.470000 0.00310737727536534260
-1.460000 0.00323177520914780720
-1.450000 0.00336115406356830150
-1.440000 0.00349569602422795120
-1.430000 0.00363565224644976910
-1.420000 0.00378118251189039390
-1.410000 0.00393255495561087380
-1.400000 0.00408998838528209110
-1.390000 0.00425370449172165610
-1.380000 0.00442400889089797270
-1.370000 0.00460109601160171770
-1.360000 0.00478529213143416570
-1.350000 0.00497686350443052660
-1.340000 0.00517607989295571210
-1.330000 0.00538331318289706020
-1.320000 0.00559879996308104530
-1.310000 0.00582293726130637090
-1.300000 0.00605604906626600390
-1.290000 0.00629846363573056090
-1.280000 0.00655063349550803840
-1.270000 0.00681284653646388110
-1.260000 0.00708558587810275650
-1.250000 0.00736924576298666690
-1.240000 0.00766422562846418370
-1.230000 0.00797107612626526960
-1.220000 0.00829014757365362230
-1.210000 0.00862202785000630400
-1.200000 0.00896719668563864670
-1.190000 0.00932614013209251070
-1.180000 0.00969952824468970150
-1.170000 0.01008778730366216200
-1.160000 0.01049163266444189300
-1.150000 0.01091164808229880400
-1.140000 0.01134842500442676700
-1.130000 0.01180277878126886400
-1.120000 0.01227522812786570700
-1.110000 0.01276664351765618100
-1.100000 0.01327773528767246800
-1.090000 0.01380922313478852700
-1.080000 0.01436209921038614000
-1.070000 0.01493699470788914900
-1.060000 0.01553496885454316200
-1.050000 0.01615688601709823100
-1.040000 0.01680362195172561300
-1.030000 0.01747638394814673300
-1.020000 0.01817594006786081900
-1.010000 0.01890357922101897800
-1.000000 0.01966035320352421700
-0.990000 0.02044732767032242000
-0.980000 0.02126597169912218200
-0.970000 0.02211721989717133100
-0.960000 0.02300264066031669100
-0.950000 0.02392351385360342800
-0.940000 0.02488113620599565600
-0.930000 0.02587729534428712500
-0.920000 0.02691312853105169000
-0.910000 0.02799054424286068600
-0.900000 0.02911109985752154800
-0.890000 0.03027637327193490700
-0.880000 0.03148853971088352900
-0.870000 0.03274898301500827500
-0.860000 0.03406002544160928500
-0.850000 0.03542356200292113400
-0.840000 0.03684151267171668200
-0.830000 0.03831652419229361600
-0.820000 0.03985028034719072200
-0.810000 0.04144560668536125700
-0.800000 0.04310480879824346600
-0.790000 0.04483022261117852700
-0.780000 0.04662506801385792000
-0.770000 0.04849139325585413700
-0.760000 0.05043263525858633600
-0.750000 0.05245159790076691500
-0.740000 0.05455112177979151700
-0.730000 0.05673512115996116900
-0.720000 0.05900608525159060900
-0.710000 0.06136818972390178900
-0.700000 0.06382483826956177100
-0.690000 0.06637947831078920600
-0.680000 0.06903685400097500600
-0.670000 0.07179997861208334300
-0.660000 0.07467390112460697800
-0.650000 0.07766272293680223600
-0.640000 0.08077059396649725900
-0.630000 0.08400319394861903400
-0.620000 0.08736411210882566400
-0.610000 0.09085933369557953900
-0.600000 0.09449365040033110000
-0.590000 0.09827188980861044400
-0.580000 0.10220050379191731000
-0.570000 0.10628347783660996000
-0.560000 0.11052731290185375000
-0.550000 0.11493685780416606000
-0.540000 0.11951689086335490000
-0.530000 0.12427299658136155000
-0.520000 0.12920814029263941000
-0.510000 0.13432637483222065000
-0.500000 0.13962875830721660000
-0.490000 0.14511570076337144000
-0.480000 0.15078283023794589000
-0.470000 0.15662448596645029000
-0.460000 0.16262664242703206000
-0.450000 0.16876700285648058000
-0.440000 0.17501996550204743000
-0.430000 0.18132853997789106000
-0.420000 0.18764547760786618000
-0.410000 0.19387421058034213000
-0.400000 0.19990594258036859000
-0.390000 0.20562652458426015000
-0.380000 0.21086980356683122000
-0.370000 0.21555715565431346000
-0.360000 0.21959920628214508000
-0.350000 0.22298878406151540000
-0.340000 0.22572817430541653000
-0.330000 0.22785093957271835000
-0.320000 0.22939006828376196000
-0.310000 0.23041921024578588000
-0.300000 0.23103080546890525000
-0.290000 0.23132312156657553000
-0.280000 0.23144556718945775000
-0.270000 0.23146911725725763000
-0.260000 0.23147503160835775000
-0.250000 0.23147518691816249000
-0.240000 0.23147521650098241000
-0.230000 0.23147521650098238000
-0.220000 0.23147521650098238000
-0.210000 0.23147521650098232000
-0.200000 0.23147521650098241000
-0.190000 0.23147521650098241000
-0.180000 0.23147521650098241000
-0.170000 0.23147521650098238000
-0.160000 0.23147521650098232000
-0.150000 0.23147521650098238000
-0.140000 0.23147521650098241000
-0.130000 0.23147521650098241000
-0.120000 0.23147521650098241000
-0.110000 0.23147521650098238000
-0.100000 0.23147521650098238000
-0.090000 0.23147521650098238000
-0.080000 0.23147521650098238000
-0.070000 0.23147521650098238000
-0.060000 0.23147521650098238000
-0.050000 0.23147521650098235000
-0.040000 0.23147521650098238000
-0.030000 0.23147521650098238000
-0.020000 0.23147521650098241000
-0.010000 0.23147521650098238000
0.000000 0.23147521650098238000
0.010000 0.23147521650098241000
0.020000 0.23147521650098241000
0.030000 0.23147521650098241000
0.040000 0.23147521650098235000
0.050000 0.23147521650098238000
0.060000 0.23147521650098241000
0.070000 0.23147521650098241000
0.080000 0.23147521650098238000
0.090000 0.23147521650098238000
0.100000 0.23147521650098232000
0.110000 0.23147521650098238000
0.120000 0.23147521650098241000
0.130000 0.23147521650098241000
0.140000 0.23147521650098241000
0.150000 0.23147521650098232000
0.160000 0.23147521650098238000
0.170000 0.23147521650098238000
0.180000 0.23147521650098241000
0.190000 0.23147521650098241000
0.200000 0.23147521650098238000
0.210000 0.23147521650098238000
0.220000 0.23147521650098238000
0.230000 0.23147521650098238000
0.240000 0.23147521650098241000
0.250000 0.23147521650098238000
0.260000 0.23147608956153698000
0.270000 0.23148565882645603000
0.280000 0.23159427537805927000
0.290000 0.23195140838362760000
0.300000 0.23295248155450413000
0.310000 0.23496854686762125000
0.320000 0.23836697415031932000
0.330000 0.24349531916924794000
0.340000 0.25051733262322545000
0.350000 0.25961764851676222000
0.360000 0.27086025233175254000
0.370000 0.28428804219662152000
0.380000 0.29981151652077342000
0.390000 0.31726895138729705000
0.400000 0.33622424565682574000
0.410000 0.35625981803040546000
0.420000 0.37695926749874037000
0.430000 0.39790183668801843000
0.440000 0.41887753434734004000
0.450000 0.43962464628509307000
0.460000 0.46001893743654543000
0.470000 0.47995045065114150000
0.480000 0.49934308462156368000
0.490000 0.51816372032890445000
0.500000 0.53638082226903117000
0.510000 0.55398783502796178000
0.520000 0.57098126739132626000
0.530000 0.58736941844995527000
0.540000 0.60315974565302333000
0.550000 0.61836818661951909000
0.560000 0.63300962332128985000
0.570000 0.64709934979320149000
0.580000 0.66065866047347621000
0.590000 0.67370075410525210000
0.600000 0.68624723216550576000
0.610000 0.69831443747906463000
0.620000 0.70991862310702425000
0.630000 0.72108022359784640000
0.640000 0.73181151917067744000
0.650000 0.74213198598928087000
0.660000 0.75205588835423653000
0.670000 0.76159732994474394000
0.680000 0.77077369884662617000
0.690000 0.77959537755035546000
0.700000 0.78807872106414834000
0.710000 0.79623562082484867000
0.720000 0.80407781866398476000
0.730000 0.81161972472066946000
0.740000 0.81886993024015187000
0.750000 0.82584194663037991000
0.760000 0.83254558054206740000
0.770000 0.83899051211068787000
0.780000 0.84518860804608176000
0.790000 0.85114694057981000000
0.800000 0.85687662775460494000
0.810000 0.86238573562614684000
0.820000 0.86768222555634611000
0.830000 0.87277585456892570000
0.840000 0.87767243704749032000
0.850000 0.88238111271503783000
0.860000 0.88690851166795659000
0.870000 0.89126117781854819000
0.880000 0.89544713049666380000
0.890000 0.89947114845583953000
0.900000 0.90334074331521685000
0.910000 0.90706136397552783000
0.920000 0.91063838848164358000
0.930000 0.91407840732653767000
0.940000 0.91738534779126168000
0.950000 0.92056538304626034000
0.960000 0.92362299105859180000
0.970000 0.92656259155992593000
0.980000 0.92938960066065912000
0.990000 0.93210724582204751000
1.000000 0.93472060018277803000
1.010000 0.93723334374940204000
1.020000 0.93964910866937212000
1.030000 0.94197234591308532000
1.040000 0.94420570781358171000
1.050000 0.94635336348284271000
1.060000 0.94841833715422275000
1.070000 0.95040361373021098000
1.080000 0.95231285102153729000
1.090000 0.95414822871735239000
1.100000 0.95591317299666301000
1.110000 0.95761016917604980000
1.120000 0.95924167024991547000
1.130000 0.96081068220897581000
1.140000 0.96231899632280693000
1.150000 0.96376942822681877000
1.160000 0.96516402035526716000
1.170000 0.96650478858002353000
1.180000 0.96779420322549770000
1.190000 0.96903373635776235000
1.200000 0.97022570186714496000
1.210000 0.97137177822694709000
1.220000 0.97247362208148835000
1.230000 0.97353326354433845000
1.240000 0.97455191235998329000
1.250000 0.97553147008443264000
1.260000 0.97647331608769550000
1.270000 0.97737881180071451000
1.280000 0.97824962557164719000
1.290000 0.97908675156898917000
1.300000 0.97989175249219407000
1.310000 0.98066576190809307000
1.320000 0.98140989864118666000
1.330000 0.98212553374062372000
1.340000 0.98281348421446557000
1.350000 0.98347503428975858000
1.360000 0.98411111553215935000
1.370000 0.98472264739207016000
1.380000 0.98531075659823841000
1.390000 0.98587611456821067000
1.400000 0.98641977668026393000
1.410000 0.98694250849542897000
1.420000 0.98744506561841650000
1.430000 0.98792837399534272000
1.440000 0.98839298539741061000
1.450000 0.98883976713491351000
1.460000 0.98926934834620239000
1.470000 0.98968234998752092000
1.480000 0.99007953300175788000
1.490000 0.99046135083470566000
1.500000 0.99082851624229873000
1.510000 0.99118154625068389000
1.520000 0.99152095116194905000
1.530000 0.99184735631925636000
1.540000 0.99216113436453623000
1.550000 0.99246287104089825000
1.560000 0.99275299124063210000
1.570000 0.99303191433019311000
1.580000 0.99330015421683948000
1.590000 0.99355801713785574000
1.600000 0.99380598445715940000
1.610000 0.99404440535140137000
1.620000 0.99427362445609979000
1.630000 0.99449406410044150000
1.640000 0.99470597595034704000
1.650000 0.99490975559087325000
1.660000 0.99510568997552928000
1.670000 0.99529406232591977000
1.680000 0.99547521971233577000
1.690000 0.99564936895393064000
1.700000 0.99581683514265940000
1.710000 0.99597785409702855000
1.720000 0.99613265856866373000
1.730000 0.99628153378006745000
1.740000 0.99642464969530087000
1.750000 0.99656227347506032000
1.760000 0.99669459891508749000
1.770000 0.99682181729076047000
1.780000 0.99694416299804278000
1.790000 0.99706177571346732000
1.800000 0.99717487498979962000
1.810000 0.99728362008845639000
1.820000 0.99738816819961740000
1.830000 0.99748871194997923000
1.840000 0.99758536612577109000
1.850000 0.99767831115554151000
1.860000 0.99776767792038557000
1.870000 0.99785359559925568000
1.880000 0.99793622249284564000
1.890000 0.99801565293252403000
1.900000 0.99809203519454381000
1.910000 0.99816547683703949000
1.920000 0.99823608401932518000
1.930000 0.99830398683297361000
1.940000 0.99836926279954064000
1.950000 0.99843203377250822000
1.960000 0.99849238814319485000
1.970000 0.99855041315336612000
1.980000 0.99860621571232777000
1.990000 0.99865985952732472000
2.000000 0.99871144473759654000
2.010000 0.99876104398316368000
2.020000 0.99880872895934292000
2.030000 0.99885458752424416000
2.040000 0.99889867203250593000
2.050000 0.99894106477859534000
2.060000 0.99898182545810910000
2.070000 0.99902101299028723000
2.080000 0.99905869957695870000
2.090000 0.99909492824318613000
2.100000 0.99912976661859498000
2.110000 0.99916326376105002000
2.120000 0.99919546809040605000
2.130000 0.99922643894215435000
2.140000 0.99925621167430845000
2.150000 0.99928484186492106000
2.160000 0.99931236982976457000
2.170000 0.99933883536029500000
2.180000 0.99936428721844250000
2.190000 0.99938875446143594000
2.200000 0.99941228276334115000
2.210000 0.99943490525567613000
2.220000 0.99945665463907463000
2.230000 0.99947757098610990000
2.240000 0.99949767817602475000
2.250000 0.99951701374378388000
2.260000 0.99953560491688198000
2.270000 0.99955347856871224000
2.280000 0.99957066763093172000
2.290000 0.99958719172751109000
2.300000 0.99960308170469936000
2.310000 0.99961835993806269000
2.320000 0.99963304851216628000
2.330000 0.99964717449025842000
2.340000 0.99966075399932608000
2.350000 0.99967381238882902000
2.360000 0.99968636804701561000
2.370000 0.99969843912299106000
2.380000 0.99971004785734319000
2.390000 0.99972120750323590000
2.400000 0.99973193889286560000
2.410000 0.99974225713770171000
2.420000 0.99975217715268572000
2.430000 0.99976171721514173000
2.440000 0.99977088821652549000
2.450000 0.99977970727674359000
2.460000 0.99978818681440806000
2.470000 0.99979633908662335000
2.480000 0.99980417911370156000
2.490000 0.99981171584624562000
2.500000 0.99981896335340126000
2.510000 0.99982593184078872000
2.520000 0.99983263138130130000
2.530000 0.99983907431863761000
2.540000 0.99984526800840645000
2.550000 0.99985122401263737000
2.560000 0.99985695071831315000
2.570000 0.99986245640334137000
2.580000 0.99986775121177840000
2.590000 0.99987284118846609000
2.600000 0.99987773583508566000
2.610000 0.99988244204406207000
2.620000 0.99988696661818366000
2.630000 0.99989131789383978000
2.640000 0.99989550083868362000
2.650000 0.99989952326120046000
2.660000 0.99990339082558810000
2.670000 0.99990710912238068000
2.680000 0.99991068500242608000
2.690000 0.99991412254814394000
2.700000 0.99991742817655016000
2.710000 0.99992060654248505000
2.720000 0.99992366224025175000
2.730000 0.99992660089987950000
2.740000 0.99992942587630229000
2.750000 0.99993214244302653000
2.760000 0.99993475442540181000
2.770000 0.99993726559902807000
2.780000 0.99993968059066585000
2.790000 0.99994200215740114000
2.800000 0.99994423463300364000
2.810000 0.99994638116114698000
2.820000 0.99994844484462075000
2.830000 0.99995042948569846000
2.840000 0.99995233735015432000
2.850000 0.99995417199948267000
2.860000 0.99995593601715516000
2.870000 0.99995763195304543000
2.880000 0.99995926293186344000
2.890000 0.99996083081562404000
2.900000 0.99996233853116356000
2.910000 0.99996378820158061000
2.920000 0.99996518192236195000
2.930000 0.99996652226139626000
2.940000 0.99996781074888730000
2.950000 0.99996904979011070000
2.960000 0.99997024112982957000
2.970000 0.99997138649011585000
2.980000 0.99997248798126148000
2.990000 0.99997354686078821000
3.000000 0.99997456510535287000
3.010000 0.99997554414880230000
3.020000 0.99997648540633610000
3.030000 0.99997739061219271000
3.040000 0.99997826079980401000
3.050000 0.99997909759358750000
3.060000 0.99997990217187949000
3.070000 0.99998067569769078000
3.080000 0.99998141959621956000
3.090000 0.99998213471674102000
3.100000 0.99998282239420155000
3.110000 0.99998348359695788000
3.120000 0.99998411928077402000
3.130000 0.99998473061687787000
3.140000 0.99998531830320336000
3.150000 0.99998588343681083000
3.160000 0.99998642681349637000
3.170000 0.99998694921870612000
3.180000 0.99998745161495672000
3.190000 0.99998793457581026000
3.200000 0.99998839900283110000
3.210000 0.99998884555000511000
3.220000 0.99998927486281219000
3.230000 0.99998968773224817000
3.240000 0.99999008462966765000
3.250000 0.99999046629597621000
3.260000 0.99999083326861915000
3.270000 0.99999118607805293000
3.280000 0.99999152537431812000
3.290000 0.99999185154477366000
3.300000 0.99999216519829570000
3.310000 0.99999246677655829000
3.320000 0.99999275671548982000
3.330000 0.99999303554929364000
3.340000 0.99999330359630212000
3.350000 0.99999356135689021000
3.360000 0.99999380919402459000
3.370000 0.99999404746595255000
3.380000 0.99999427661168239000
3.390000 0.99999449689281938000
3.400000 0.99999470872057195000
3.410000 0.99999491239322635000
3.420000 0.99999510820519055000
3.430000 0.99999529651724139000
3.440000 0.99999547754436646000
3.450000 0.99999565162449700000
3.460000 0.99999581900276469000
3.470000 0.99999597992111378000
3.480000 0.99999613467603132000
3.490000 0.99999628344419378000
3.500000 0.99999642650331333000
3.510000 0.99999656405483950000
3.520000 0.99999669629760213000
3.530000 0.99999682347525443000
3.540000 0.99999694573298892000
3.550000 0.99999706329902949000
3.560000 0.99999717633892793000
3.570000 0.99999728501608209000
3.580000 0.99999738953072659000
3.590000 0.99999749000218097000
3.600000 0.99999758661799942000
3.610000 0.99999767951423246000
3.620000 0.99999776882516045000
3.630000 0.99999785471533653000
3.640000 0.99999793728281694000
3.650000 0.99999801668173482000
3.660000 0.99999809302389564000
3.670000 0.99999816641965145000
3.680000 0.99999823700423174000
3.690000 0.99999830485821994000
3.700000 0.99999837010828152000
3.710000 0.99999843284629941000
3.720000 0.99999849316296041000
3.730000 0.99999855116939629000
3.740000 0.99999860693183029000
3.750000 0.99999866055435660000
3.760000 0.99999871211248426000
3.770000 0.99999876168073987000
3.780000 0.99999880935045193000
3.790000 0.99999885517604215000
3.800000 0.99999889924305529000
3.810000 0.99999894161354497000
3.820000 0.99999898234875706000
3.830000 0.99999902152374520000
3.840000 0.99999905918323317000
3.850000 0.99999909539752208000
3.860000 0.99999913021760711000
3.870000 0.99999916369382047000
3.880000 0.99999919588784114000
3.890000 0.99999922683642306000
3.900000 0.99999925659733990000
3.910000 0.99999928521249948000
3.920000 0.99999931272326481000
3.930000 0.99999933918032324000
3.940000 0.99999936461388017000
3.950000 0.99999938907141317000
3.960000 0.99999941258736280000
3.970000 0.99999943519572054000
3.980000 0.99999945693814174000
3.990000 0.99999947783944898000
4.000000 0.99999949793865939000
4.010000 0.99999951726407588000
4.020000 0.99999953584363321000
4.030000 0.99999955371156346000
4.040000 0.99999957088826619000
4.050000 0.99999958740580497000
4.060000 0.99999960328743986000
4.070000 0.99999961855612740000
4.080000 0.99999963323999941000
4.090000 0.99999964735582025000
4.100000 0.99999966092994019000
4.110000 0.99999967398147382000
4.120000 0.99999968652928706000
4.130000 0.99999969859649906000
4.140000 0.99999971019688605000
4.150000 0.99999972135210324000
4.160000 0.99999973207785897000
4.170000 0.99999974238965705000
4.180000 0.99999975230649651000
4.190000 0.99999976183969919000
4.200000 0.99999977100706117000
4.210000 0.99999977982149124000
4.220000 0.99999978829573111000
4.230000 0.99999979644539383000
4.240000 0.99999980427978341000
4.250000 0.99999981181352504000
4.260000 0.99999981905722712000
4.270000 0.99999982602136073000
4.280000 0.99999983271875648000
4.290000 0.99999983915706092000
4.300000 0.99999984534829278000
4.310000 0.99999985130117008000
4.320000 0.99999985702429783000
4.330000 0.99999986252822026000
4.340000 0.99999986781922168000
4.350000 0.99999987290717840000
4.360000 0.99999987779925537000
4.370000 0.99999988250252414000
4.380000 0.99999988702564990000
4.390000 0.99999989137379675000
4.400000 0.99999989555508151000
4.410000 0.99999989957539226000
4.420000 0.99999990344054024000
4.430000 0.99999990715764664000
4.440000 0.99999991073095562000
4.450000 0.99999991416713718000
4.460000 0.99999991747103001000
4.470000 0.99999992064741006000
4.480000 0.99999992370212964000
4.490000 0.99999992663867621000
4.500000 0.99999992946253147000
4.510000 0.99999993217767180000
4.520000 0.99999993478802240000
4.530000 0.99999993729839209000
4.540000 0.99999993971164702000
4.550000 0.99999994203229248000
4.560000 0.99999994426359629000
4.570000 0.99999994640878298000
4.580000 0.99999994847180584000
4.590000 0.99999995045501977000
4.600000 0.99999995236212713000
4.610000 0.99999995419581333000
4.620000 0.99999995595872881000
4.630000 0.99999995765412186000
4.640000 0.99999995928392771000
4.650000 0.99999996085118914000
4.660000 0.99999996235811328000
4.670000 0.99999996380687795000
4.680000 0.99999996520015255000
4.690000 0.99999996653952783000
4.700000 0.99999996782750400000
4.710000 0.99999996906589472000
4.720000 0.99999997025648990000
4.730000 0.99999997140148356000
4.740000 0.99999997250218264000
4.750000 0.99999997356064207000
4.760000 0.99999997457835210000
4.770000 0.99999997555678388000
4.780000 0.99999997649774008000
4.790000 0.99999997740229518000
4.800000 0.99999997827213760000
4.810000 0.99999997910849214000
4.820000 0.99999997991256739000
4.830000 0.99999998068584572000
4.840000 0.99999998142920921000
4.850000 0.99999998214404617000
4.860000 0.99999998283136238000
4.870000 0.99999998349215191000
4.880000 0.99999998412763236000
4.890000 0.99999998473852880000
4.900000 0.99999998532598200000
4.910000 0.99999998589081884000
4.920000 0.99999998643385601000
4.930000 0.99999998695609393000
4.940000 0.99999998745812890000
4.950000 0.99999998794089817000
4.960000 0.99999998840508142000
4.970000 0.99999998885134955000
4.980000 0.99999998928052491000
4.990000 0.99999998969309756000
5.000000 0.99999999008983742000
